{"/home/dante/Documents/Programming/nodejs/kontains/index.js":{"path":"/home/dante/Documents/Programming/nodejs/kontains/index.js","s":{"1":1,"2":1,"3":4,"4":7,"5":1,"6":1},"b":{},"f":{"1":4,"2":7},"fnMap":{"1":{"name":"(anonymous_1)","line":4,"loc":{"start":{"line":4,"column":21},"end":{"line":4,"column":41}}},"2":{"name":"(anonymous_2)","line":5,"loc":{"start":{"line":5,"column":36},"end":{"line":5,"column":49}}}},"statementMap":{"1":{"start":{"line":3,"column":0},"end":{"line":3,"column":26}},"2":{"start":{"line":4,"column":0},"end":{"line":8,"column":2}},"3":{"start":{"line":5,"column":4},"end":{"line":7,"column":7}},"4":{"start":{"line":6,"column":8},"end":{"line":6,"column":36}},"5":{"start":{"line":10,"column":0},"end":{"line":10,"column":29}},"6":{"start":{"line":12,"column":0},"end":{"line":12,"column":52}}},"branchMap":{}}}